[2022-05-01 12:45:36/error]: Could not connect to the database.
[2022-05-01 12:46:33/error]: Could not connect to the database.
[2022-05-01 12:46:33/error]: Error - 
Invalid `this.prisma.guild.findUnique()` invocation in
/mnt/c/Users/school/Dropbox/wsl/wandering-merchant-ping/src/service/DBClient.ts:38:34

  35 };
  36 
  37 public get = async (gid: string) => {
→ 38 	return await this.prisma.guild.findUnique(
  Can't reach database server at `localhost`:`5432`

Please make sure your database server is running at `localhost`:`5432`.
[2022-05-01 12:46:33/error]: Error: 
Invalid `this.prisma.guild.findUnique()` invocation in
/mnt/c/Users/school/Dropbox/wsl/wandering-merchant-ping/src/service/DBClient.ts:38:34

  35 };
  36 
  37 public get = async (gid: string) => {
→ 38 	return await this.prisma.guild.findUnique(
  Can't reach database server at `localhost`:`5432`

Please make sure your database server is running at `localhost`:`5432`.
    at Object.request (/mnt/c/Users/school/Dropbox/wsl/wandering-merchant-ping/node_modules/@prisma/client/runtime/index.js:45635:15)
    at async PrismaClient._request (/mnt/c/Users/school/Dropbox/wsl/wandering-merchant-ping/node_modules/@prisma/client/runtime/index.js:46456:18)
[2022-05-01 16:18:30/error]: Could not successfully fetch data from the database.
[2022-05-01 16:18:30/error]: Error: 
Invalid `guild.client.db.prisma.guild.create()` invocation in
/mnt/c/Users/school/Dropbox/wsl/wandering-merchant-ping/src/events/guildCreate.ts:8:39

   5 name: 'guildCreate',
   6 async execute(guild) {
   7 	try {
→  8 		await guild.client.db.prisma.guild.create(
  Unique constraint failed on the fields: (`guildId`)
    at Object.request (/mnt/c/Users/school/Dropbox/wsl/wandering-merchant-ping/node_modules/@prisma/client/runtime/index.js:45629:15)
    at async PrismaClient._request (/mnt/c/Users/school/Dropbox/wsl/wandering-merchant-ping/node_modules/@prisma/client/runtime/index.js:46456:18)
[2022-05-02 13:45:13/error]: Channel not attached to interaction for guild [Land of the Flavourful Pies]
[2022-05-02 13:53:14/error]: Could not connect to the database.
[2022-05-02 13:53:14/error]: Error: 
Invalid `this.prisma.guild.findUnique()` invocation in
/mnt/c/Users/school/Dropbox/wsl/wandering-merchant-ping/src/service/DBClient.ts:59:41

   56 	options: ErrorHandlerOptions,
   57 ): Promise<Guild | null> => {
   58 	try {
→  59 		const data = await this.prisma.guild.findUnique(
  Can't reach database server at `localhost`:`5432`

Please make sure your database server is running at `localhost`:`5432`.
    at Object.request (/mnt/c/Users/school/Dropbox/wsl/wandering-merchant-ping/node_modules/@prisma/client/runtime/index.js:45635:15)
    at async PrismaClient._request (/mnt/c/Users/school/Dropbox/wsl/wandering-merchant-ping/node_modules/@prisma/client/runtime/index.js:46456:18)
[2022-05-02 13:55:08/error]: Could not find guild.
[2022-05-02 13:55:45/info]: The bot was added to guild [Land of the Flavourful Pies] with id [756967130959970355]
